<?xml version="1.0" encoding="UTF-8"?>
<testsuite name="edu.badpals.try_it_now_java_book.AppTest" tests="1" skipped="0" failures="0" errors="0" timestamp="2024-04-11T13:23:08" hostname="usuario-HP-Pavilion-Gaming-Laptop-16-a0xxx" time="0.004">
  <properties/>
  <testcase name="appHasAGreeting" classname="edu.badpals.try_it_now_java_book.AppTest" time="0.004"/>
  <system-out><![CDATA[]]></system-out>
  <system-err><![CDATA[]]></system-err>
</testsuite>
